<component name="libraryTable">
  <library name="JUnit">
    <CLASSES>
      <root url="jar://C:/Program Files/Java/hamcrest-core-1.3.jar!/" />
      <root url="jar://C:/Program Files/Java/junit-4.11.jar!/" />
    </CLASSES>
    <JAVADOC />
    <SOURCES />
  </library>
</component>